17:48:27 - INFO - Guard::RSpec is running
17:48:27 - INFO - Guard is now watching at '/home/alan/RubymineProject/hello/sample'
[0G[1] guard(main)> Error: Bad file descriptor - read
/home/alan/.rbenv/versions/2.3.7/lib/ruby/gems/2.3.0/gems/pry-0.11.3/lib/pry/repl.rb:199:in `readline'
/home/alan/.rbenv/versions/2.3.7/lib/ruby/gems/2.3.0/gems/pry-0.11.3/lib/pry/repl.rb:199:in `block in input_readline'
/home/alan/.rbenv/versions/2.3.7/lib/ruby/gems/2.3.0/gems/pry-0.11.3/lib/pry/input_lock.rb:115:in `interruptible_region'
/home/alan/.rbenv/versions/2.3.7/lib/ruby/gems/2.3.0/gems/pry-0.11.3/lib/pry/repl.rb:198:in `input_readline'
/home/alan/.rbenv/versions/2.3.7/lib/ruby/gems/2.3.0/gems/pry-0.11.3/lib/pry/repl.rb:184:in `block in read_line'
/home/alan/.rbenv/versions/2.3.7/lib/ruby/gems/2.3.0/gems/pry-0.11.3/lib/pry/repl.rb:129:in `handle_read_errors'
/home/alan/.rbenv/versions/2.3.7/lib/ruby/gems/2.3.0/gems/pry-0.11.3/lib/pry/repl.rb:170:in `read_line'
/home/alan/.rbenv/versions/2.3.7/lib/ruby/gems/2.3.0/gems/pry-0.11.3/lib/pry/repl.rb:98:in `read'
/home/alan/.rbenv/versions/2.3.7/lib/ruby/gems/2.3.0/gems/pry-0.11.3/lib/pry/repl.rb:68:in `block in repl'
/home/alan/.rbenv/versions/2.3.7/lib/ruby/gems/2.3.0/gems/pry-0.11.3/lib/pry/repl.rb:67:in `loop'
/home/alan/.rbenv/versions/2.3.7/lib/ruby/gems/2.3.0/gems/pry-0.11.3/lib/pry/repl.rb:67:in `repl'
/home/alan/.rbenv/versions/2.3.7/lib/ruby/gems/2.3.0/gems/pry-0.11.3/lib/pry/repl.rb:38:in `block in start'
/home/alan/.rbenv/versions/2.3.7/lib/ruby/gems/2.3.0/gems/pry-0.11.3/lib/pry/input_lock.rb:61:in `__with_ownership'
/home/alan/.rbenv/versions/2.3.7/lib/ruby/gems/2.3.0/gems/pry-0.11.3/lib/pry/input_lock.rb:79:in `with_ownership'
/home/alan/.rbenv/versions/2.3.7/lib/ruby/gems/2.3.0/gems/pry-0.11.3/lib/pry/repl.rb:38:in `start'
/home/alan/.rbenv/versions/2.3.7/lib/ruby/gems/2.3.0/gems/pry-0.11.3/lib/pry/repl.rb:13:in `start'
/home/alan/.rbenv/versions/2.3.7/lib/ruby/gems/2.3.0/gems/pry-0.11.3/lib/pry/pry_class.rb:192:in `start'
/home/alan/.rbenv/versions/2.3.7/lib/ruby/gems/2.3.0/gems/guard-2.14.2/lib/guard/jobs/pry_wrapper.rb:102:in `block (2 levels) in _switch_to_pry'
[1] guard(main)> Error: Bad file descriptor - read
/home/alan/.rbenv/versions/2.3.7/lib/ruby/gems/2.3.0/gems/pry-0.11.3/lib/pry/repl.rb:199:in `readline'
/home/alan/.rbenv/versions/2.3.7/lib/ruby/gems/2.3.0/gems/pry-0.11.3/lib/pry/repl.rb:199:in `block in input_readline'
/home/alan/.rbenv/versions/2.3.7/lib/ruby/gems/2.3.0/gems/pry-0.11.3/lib/pry/input_lock.rb:115:in `interruptible_region'
/home/alan/.rbenv/versions/2.3.7/lib/ruby/gems/2.3.0/gems/pry-0.11.3/lib/pry/repl.rb:198:in `input_readline'
/home/alan/.rbenv/versions/2.3.7/lib/ruby/gems/2.3.0/gems/pry-0.11.3/lib/pry/repl.rb:184:in `block in read_line'
/home/alan/.rbenv/versions/2.3.7/lib/ruby/gems/2.3.0/gems/pry-0.11.3/lib/pry/repl.rb:129:in `handle_read_errors'
/home/alan/.rbenv/versions/2.3.7/lib/ruby/gems/2.3.0/gems/pry-0.11.3/lib/pry/repl.rb:170:in `read_line'
/home/alan/.rbenv/versions/2.3.7/lib/ruby/gems/2.3.0/gems/pry-0.11.3/lib/pry/repl.rb:98:in `read'
/home/alan/.rbenv/versions/2.3.7/lib/ruby/gems/2.3.0/gems/pry-0.11.3/lib/pry/repl.rb:68:in `block in repl'
/home/alan/.rbenv/versions/2.3.7/lib/ruby/gems/2.3.0/gems/pry-0.11.3/lib/pry/repl.rb:67:in `loop'
/home/alan/.rbenv/versions/2.3.7/lib/ruby/gems/2.3.0/gems/pry-0.11.3/lib/pry/repl.rb:67:in `repl'
/home/alan/.rbenv/versions/2.3.7/lib/ruby/gems/2.3.0/gems/pry-0.11.3/lib/pry/repl.rb:38:in `block in start'
/home/alan/.rbenv/versions/2.3.7/lib/ruby/gems/2.3.0/gems/pry-0.11.3/lib/pry/input_lock.rb:61:in `__with_ownership'
/home/alan/.rbenv/versions/2.3.7/lib/ruby/gems/2.3.0/gems/pry-0.11.3/lib/pry/input_lock.rb:79:in `with_ownership'
/home/alan/.rbenv/versions/2.3.7/lib/ruby/gems/2.3.0/gems/pry-0.11.3/lib/pry/repl.rb:38:in `start'
/home/alan/.rbenv/versions/2.3.7/lib/ruby/gems/2.3.0/gems/pry-0.11.3/lib/pry/repl.rb:13:in `start'
/home/alan/.rbenv/versions/2.3.7/lib/ruby/gems/2.3.0/gems/pry-0.11.3/lib/pry/pry_class.rb:192:in `start'
/home/alan/.rbenv/versions/2.3.7/lib/ruby/gems/2.3.0/gems/guard-2.14.2/lib/guard/jobs/pry_wrapper.rb:102:in `block (2 levels) in _switch_to_pry'
[1] guard(main)> Error: Bad file descriptor - read
/home/alan/.rbenv/versions/2.3.7/lib/ruby/gems/2.3.0/gems/pry-0.11.3/lib/pry/repl.rb:199:in `readline'
/home/alan/.rbenv/versions/2.3.7/lib/ruby/gems/2.3.0/gems/pry-0.11.3/lib/pry/repl.rb:199:in `block in input_readline'
/home/alan/.rbenv/versions/2.3.7/lib/ruby/gems/2.3.0/gems/pry-0.11.3/lib/pry/input_lock.rb:115:in `interruptible_region'
/home/alan/.rbenv/versions/2.3.7/lib/ruby/gems/2.3.0/gems/pry-0.11.3/lib/pry/repl.rb:198:in `input_readline'
/home/alan/.rbenv/versions/2.3.7/lib/ruby/gems/2.3.0/gems/pry-0.11.3/lib/pry/repl.rb:184:in `block in read_line'
/home/alan/.rbenv/versions/2.3.7/lib/ruby/gems/2.3.0/gems/pry-0.11.3/lib/pry/repl.rb:129:in `handle_read_errors'
/home/alan/.rbenv/versions/2.3.7/lib/ruby/gems/2.3.0/gems/pry-0.11.3/lib/pry/repl.rb:170:in `read_line'
/home/alan/.rbenv/versions/2.3.7/lib/ruby/gems/2.3.0/gems/pry-0.11.3/lib/pry/repl.rb:98:in `read'
/home/alan/.rbenv/versions/2.3.7/lib/ruby/gems/2.3.0/gems/pry-0.11.3/lib/pry/repl.rb:68:in `block in repl'
/home/alan/.rbenv/versions/2.3.7/lib/ruby/gems/2.3.0/gems/pry-0.11.3/lib/pry/repl.rb:67:in `loop'
/home/alan/.rbenv/versions/2.3.7/lib/ruby/gems/2.3.0/gems/pry-0.11.3/lib/pry/repl.rb:67:in `repl'
/home/alan/.rbenv/versions/2.3.7/lib/ruby/gems/2.3.0/gems/pry-0.11.3/lib/pry/repl.rb:38:in `block in start'
/home/alan/.rbenv/versions/2.3.7/lib/ruby/gems/2.3.0/gems/pry-0.11.3/lib/pry/input_lock.rb:61:in `__with_ownership'
/home/alan/.rbenv/versions/2.3.7/lib/ruby/gems/2.3.0/gems/pry-0.11.3/lib/pry/input_lock.rb:79:in `with_ownership'
/home/alan/.rbenv/versions/2.3.7/lib/ruby/gems/2.3.0/gems/pry-0.11.3/lib/pry/repl.rb:38:in `start'
/home/alan/.rbenv/versions/2.3.7/lib/ruby/gems/2.3.0/gems/pry-0.11.3/lib/pry/repl.rb:13:in `start'
/home/alan/.rbenv/versions/2.3.7/lib/ruby/gems/2.3.0/gems/pry-0.11.3/lib/pry/pry_class.rb:192:in `start'
/home/alan/.rbenv/versions/2.3.7/lib/ruby/gems/2.3.0/gems/guard-2.14.2/lib/guard/jobs/pry_wrapper.rb:102:in `block (2 levels) in _switch_to_pry'
[1] guard(main)> Error: Bad file descriptor - read
/home/alan/.rbenv/versions/2.3.7/lib/ruby/gems/2.3.0/gems/pry-0.11.3/lib/pry/repl.rb:199:in `readline'
/home/alan/.rbenv/versions/2.3.7/lib/ruby/gems/2.3.0/gems/pry-0.11.3/lib/pry/repl.rb:199:in `block in input_readline'
/home/alan/.rbenv/versions/2.3.7/lib/ruby/gems/2.3.0/gems/pry-0.11.3/lib/pry/input_lock.rb:115:in `interruptible_region'
/home/alan/.rbenv/versions/2.3.7/lib/ruby/gems/2.3.0/gems/pry-0.11.3/lib/pry/repl.rb:198:in `input_readline'
/home/alan/.rbenv/versions/2.3.7/lib/ruby/gems/2.3.0/gems/pry-0.11.3/lib/pry/repl.rb:184:in `block in read_line'
/home/alan/.rbenv/versions/2.3.7/lib/ruby/gems/2.3.0/gems/pry-0.11.3/lib/pry/repl.rb:129:in `handle_read_errors'
/home/alan/.rbenv/versions/2.3.7/lib/ruby/gems/2.3.0/gems/pry-0.11.3/lib/pry/repl.rb:170:in `read_line'
/home/alan/.rbenv/versions/2.3.7/lib/ruby/gems/2.3.0/gems/pry-0.11.3/lib/pry/repl.rb:98:in `read'
/home/alan/.rbenv/versions/2.3.7/lib/ruby/gems/2.3.0/gems/pry-0.11.3/lib/pry/repl.rb:68:in `block in repl'
/home/alan/.rbenv/versions/2.3.7/lib/ruby/gems/2.3.0/gems/pry-0.11.3/lib/pry/repl.rb:67:in `loop'
/home/alan/.rbenv/versions/2.3.7/lib/ruby/gems/2.3.0/gems/pry-0.11.3/lib/pry/repl.rb:67:in `repl'
/home/alan/.rbenv/versions/2.3.7/lib/ruby/gems/2.3.0/gems/pry-0.11.3/lib/pry/repl.rb:38:in `block in start'
/home/alan/.rbenv/versions/2.3.7/lib/ruby/gems/2.3.0/gems/pry-0.11.3/lib/pry/input_lock.rb:61:in `__with_ownership'
/home/alan/.rbenv/versions/2.3.7/lib/ruby/gems/2.3.0/gems/pry-0.11.3/lib/pry/input_lock.rb:79:in `with_ownership'
/home/alan/.rbenv/versions/2.3.7/lib/ruby/gems/2.3.0/gems/pry-0.11.3/lib/pry/repl.rb:38:in `start'
/home/alan/.rbenv/versions/2.3.7/lib/ruby/gems/2.3.0/gems/pry-0.11.3/lib/pry/repl.rb:13:in `start'
/home/alan/.rbenv/versions/2.3.7/lib/ruby/gems/2.3.0/gems/pry-0.11.3/lib/pry/pry_class.rb:192:in `start'
/home/alan/.rbenv/versions/2.3.7/lib/ruby/gems/2.3.0/gems/guard-2.14.2/lib/guard/jobs/pry_wrapper.rb:102:in `block (2 levels) in _switch_to_pry'
[1] guard(main)> Error: Bad file descriptor - read
/home/alan/.rbenv/versions/2.3.7/lib/ruby/gems/2.3.0/gems/pry-0.11.3/lib/pry/repl.rb:199:in `readline'
/home/alan/.rbenv/versions/2.3.7/lib/ruby/gems/2.3.0/gems/pry-0.11.3/lib/pry/repl.rb:199:in `block in input_readline'
/home/alan/.rbenv/versions/2.3.7/lib/ruby/gems/2.3.0/gems/pry-0.11.3/lib/pry/input_lock.rb:115:in `interruptible_region'
/home/alan/.rbenv/versions/2.3.7/lib/ruby/gems/2.3.0/gems/pry-0.11.3/lib/pry/repl.rb:198:in `input_readline'
/home/alan/.rbenv/versions/2.3.7/lib/ruby/gems/2.3.0/gems/pry-0.11.3/lib/pry/repl.rb:184:in `block in read_line'
/home/alan/.rbenv/versions/2.3.7/lib/ruby/gems/2.3.0/gems/pry-0.11.3/lib/pry/repl.rb:129:in `handle_read_errors'
/home/alan/.rbenv/versions/2.3.7/lib/ruby/gems/2.3.0/gems/pry-0.11.3/lib/pry/repl.rb:170:in `read_line'
/home/alan/.rbenv/versions/2.3.7/lib/ruby/gems/2.3.0/gems/pry-0.11.3/lib/pry/repl.rb:98:in `read'
/home/alan/.rbenv/versions/2.3.7/lib/ruby/gems/2.3.0/gems/pry-0.11.3/lib/pry/repl.rb:68:in `block in repl'
/home/alan/.rbenv/versions/2.3.7/lib/ruby/gems/2.3.0/gems/pry-0.11.3/lib/pry/repl.rb:67:in `loop'
/home/alan/.rbenv/versions/2.3.7/lib/ruby/gems/2.3.0/gems/pry-0.11.3/lib/pry/repl.rb:67:in `repl'
/home/alan/.rbenv/versions/2.3.7/lib/ruby/gems/2.3.0/gems/pry-0.11.3/lib/pry/repl.rb:38:in `block in start'
/home/alan/.rbenv/versions/2.3.7/lib/ruby/gems/2.3.0/gems/pry-0.11.3/lib/pry/input_lock.rb:61:in `__with_ownership'
/home/alan/.rbenv/versions/2.3.7/lib/ruby/gems/2.3.0/gems/pry-0.11.3/lib/pry/input_lock.rb:79:in `with_ownership'
/home/alan/.rbenv/versions/2.3.7/lib/ruby/gems/2.3.0/gems/pry-0.11.3/lib/pry/repl.rb:38:in `start'
/home/alan/.rbenv/versions/2.3.7/lib/ruby/gems/2.3.0/gems/pry-0.11.3/lib/pry/repl.rb:13:in `start'
/home/alan/.rbenv/versions/2.3.7/lib/ruby/gems/2.3.0/gems/pry-0.11.3/lib/pry/pry_class.rb:192:in `start'
/home/alan/.rbenv/versions/2.3.7/lib/ruby/gems/2.3.0/gems/guard-2.14.2/lib/guard/jobs/pry_wrapper.rb:102:in `block (2 levels) in _switch_to_pry'
FATAL: Pry failed to get user input using `Readline`.
To fix this you may be able to pass input and output file descriptors to pry directly. e.g.
  Pry.config.input = STDIN
  Pry.config.output = STDOUT
  binding.pry
[0m]2;
[0m17:48:27 - INFO - Bye bye...
